Determining if the pthread_create exist failed with the following output:
Change Dir: /home/rclab/catkin_ws/src/pointcloud_to_2dmap/CMakeFiles/CMakeTmp

Run Build Command:"/usr/bin/make" "cmTC_978be/fast"
/usr/bin/make -f CMakeFiles/cmTC_978be.dir/build.make CMakeFiles/cmTC_978be.dir/build
make[1]: Entering directory '/home/rclab/catkin_ws/src/pointcloud_to_2dmap/CMakeFiles/CMakeTmp'
Building C object CMakeFiles/cmTC_978be.dir/CheckSymbolExists.c.o
/usr/bin/cc    -o CMakeFiles/cmTC_978be.dir/CheckSymbolExists.c.o   -c /home/rclab/catkin_ws/src/pointcloud_to_2dmap/CMakeFiles/CMakeTmp/CheckSymbolExists.c
Linking C executable cmTC_978be
/usr/bin/cmake -E cmake_link_script CMakeFiles/cmTC_978be.dir/link.txt --verbose=1
/usr/bin/cc      -rdynamic CMakeFiles/cmTC_978be.dir/CheckSymbolExists.c.o  -o cmTC_978be 
CMakeFiles/cmTC_978be.dir/CheckSymbolExists.c.o: In function `main':
CheckSymbolExists.c:(.text+0x1b): undefined reference to `pthread_create'
collect2: error: ld returned 1 exit status
CMakeFiles/cmTC_978be.dir/build.make:97: recipe for target 'cmTC_978be' failed
make[1]: *** [cmTC_978be] Error 1
make[1]: Leaving directory '/home/rclab/catkin_ws/src/pointcloud_to_2dmap/CMakeFiles/CMakeTmp'
Makefile:126: recipe for target 'cmTC_978be/fast' failed
make: *** [cmTC_978be/fast] Error 2

File /home/rclab/catkin_ws/src/pointcloud_to_2dmap/CMakeFiles/CMakeTmp/CheckSymbolExists.c:
/* */
#include <pthread.h>

int main(int argc, char** argv)
{
  (void)argv;
#ifndef pthread_create
  return ((int*)(&pthread_create))[argc];
#else
  (void)argc;
  return 0;
#endif
}

Determining if the function pthread_create exists in the pthreads failed with the following output:
Change Dir: /home/rclab/catkin_ws/src/pointcloud_to_2dmap/CMakeFiles/CMakeTmp

Run Build Command:"/usr/bin/make" "cmTC_9b9d6/fast"
/usr/bin/make -f CMakeFiles/cmTC_9b9d6.dir/build.make CMakeFiles/cmTC_9b9d6.dir/build
make[1]: Entering directory '/home/rclab/catkin_ws/src/pointcloud_to_2dmap/CMakeFiles/CMakeTmp'
Building C object CMakeFiles/cmTC_9b9d6.dir/CheckFunctionExists.c.o
/usr/bin/cc   -DCHECK_FUNCTION_EXISTS=pthread_create   -o CMakeFiles/cmTC_9b9d6.dir/CheckFunctionExists.c.o   -c /usr/share/cmake-3.10/Modules/CheckFunctionExists.c
Linking C executable cmTC_9b9d6
/usr/bin/cmake -E cmake_link_script CMakeFiles/cmTC_9b9d6.dir/link.txt --verbose=1
/usr/bin/cc  -DCHECK_FUNCTION_EXISTS=pthread_create    -rdynamic CMakeFiles/cmTC_9b9d6.dir/CheckFunctionExists.c.o  -o cmTC_9b9d6 -lpthreads 
/usr/bin/ld: cannot find -lpthreads
collect2: error: ld returned 1 exit status
CMakeFiles/cmTC_9b9d6.dir/build.make:97: recipe for target 'cmTC_9b9d6' failed
make[1]: *** [cmTC_9b9d6] Error 1
make[1]: Leaving directory '/home/rclab/catkin_ws/src/pointcloud_to_2dmap/CMakeFiles/CMakeTmp'
Makefile:126: recipe for target 'cmTC_9b9d6/fast' failed
make: *** [cmTC_9b9d6/fast] Error 2


